multiprocessing.pool.RemoteTraceback: 
"""
Traceback (most recent call last):
  File "/home/njw275/miniconda3/envs/birds/lib/python3.6/site-packages/joblib/_parallel_backends.py", line 350, in __call__
    return self.func(*args, **kwargs)
  File "/home/njw275/miniconda3/envs/birds/lib/python3.6/site-packages/joblib/parallel.py", line 131, in __call__
    return [func(*args, **kwargs) for func, args, kwargs in self.items]
  File "/home/njw275/miniconda3/envs/birds/lib/python3.6/site-packages/joblib/parallel.py", line 131, in <listcomp>
    return [func(*args, **kwargs) for func, args, kwargs in self.items]
  File "onsetsAndPeaks.py", line 24, in createOnsetsAndPeaks
    det.onset(unit, start_time, fmin_input, h_length,feature)
  File "/home/njw275/NJW-BirdVox/src/python_files/DetectionEvalSourceCode.py", line 48, in onset
    np.save(saveFile, onset_env)
  File "/home/njw275/miniconda3/envs/birds/lib/python3.6/site-packages/numpy/lib/npyio.py", line 490, in save
    fid = open(file, "wb")
FileNotFoundError: [Errno 2] No such file or directory: '/scratch/njw275/detections/02_sf_stft/unit01/unit01_S_6595_E_7205_detections.npy'

During handling of the above exception, another exception occurred:

Traceback (most recent call last):
  File "/home/njw275/miniconda3/envs/birds/lib/python3.6/multiprocessing/pool.py", line 119, in worker
    result = (True, func(*args, **kwds))
  File "/home/njw275/miniconda3/envs/birds/lib/python3.6/site-packages/joblib/_parallel_backends.py", line 359, in __call__
    raise TransportableException(text, e_type)
joblib.my_exceptions.TransportableException: TransportableException
___________________________________________________________________________
FileNotFoundError                                  Thu Jul  6 13:55:57 2017
PID: 74783      Python 3.6.1: /home/njw275/miniconda3/envs/birds/bin/python
...........................................................................
/home/njw275/miniconda3/envs/birds/lib/python3.6/site-packages/joblib/parallel.py in __call__(self=<joblib.parallel.BatchedCalls object>)
    126     def __init__(self, iterator_slice):
    127         self.items = list(iterator_slice)
    128         self._size = len(self.items)
    129 
    130     def __call__(self):
--> 131         return [func(*args, **kwargs) for func, args, kwargs in self.items]
        self.items = [(<function createOnsetsAndPeaks>, (1,), {})]
    132 
    133     def __len__(self):
    134         return self._size
    135 

...........................................................................
/home/njw275/miniconda3/envs/birds/lib/python3.6/site-packages/joblib/parallel.py in <listcomp>(.0=<list_iterator object>)
    126     def __init__(self, iterator_slice):
    127         self.items = list(iterator_slice)
    128         self._size = len(self.items)
    129 
    130     def __call__(self):
--> 131         return [func(*args, **kwargs) for func, args, kwargs in self.items]
        func = <function createOnsetsAndPeaks>
        args = (1,)
        kwargs = {}
    132 
    133     def __len__(self):
    134         return self._size
    135 

...........................................................................
/home/njw275/NJW-BirdVox/src/python_files/onsetsAndPeaks.py in createOnsetsAndPeaks(unit=1)
     19     start_times = st.get_start_time(unit)
     20     #start_times = [0]
     21     for start_time in start_times:
     22         # Create onset detection function (writes to a file)
     23         print(start_time)
---> 24         det.onset(unit, start_time, fmin_input, h_length,feature)
        unit = 1
        start_time = '6595'
     25         # Peak picks (read from file above, write to a new file)
     26         det.peak_picking(unit, start_time, h_duration)
     27 
     28 Parallel(n_jobs=-1)(delayed(createOnsetsAndPeaks)(unit) for unit in units)

...........................................................................
/home/njw275/NJW-BirdVox/src/python_files/DetectionEvalSourceCode.py in onset(unit=1, start_time=6595, fmin_input=1500, h_length=256, feature_input=<function stft>)
     43         S = librosa.logamplitude(S, ref=1.0)
     44 
     45     onset_env = librosa.onset.onset_strength(S=S)
     46     saveFile = p.get_detections(unit) + str(unit).zfill(2) + "_S_" + str(start_time) + "_E_" + str(end_time) + "_detections"
     47     checkFile = p.get_data() + str(unit).zfill(2) + "_S_" + str(start_time) + "_E_" + str(end_time) + "_detections.npy"
---> 48     np.save(saveFile, onset_env)
        saveFile = '/scratch/njw275/detections/02_sf_stft/unit01/unit01_S_6595_E_7205_detections'
        onset_env = array([ 0.00000000+0.j        ,  0.00000000+0.j ...7362j,  0.05393019-0.00798429j], dtype=complex64)
     49     
     50 
     51 def peak_picking(unit, start_time, hop_duration): #medfilt_size=None):
     52     start_time = int(start_time)

...........................................................................
/home/njw275/miniconda3/envs/birds/lib/python3.6/site-packages/numpy/lib/npyio.py in save(file='/scratch/njw275/detections/02_sf_stft/unit01/unit01_S_6595_E_7205_detections.npy', arr=array([ 0.00000000+0.j        ,  0.00000000+0.j ...7362j,  0.05393019-0.00798429j], dtype=complex64), allow_pickle=True, fix_imports=True)
    485     """
    486     own_fid = False
    487     if isinstance(file, basestring):
    488         if not file.endswith('.npy'):
    489             file = file + '.npy'
--> 490         fid = open(file, "wb")
        fid = undefined
        file = '/scratch/njw275/detections/02_sf_stft/unit01/unit01_S_6595_E_7205_detections.npy'
    491         own_fid = True
    492     elif is_pathlib_path(file):
    493         if not file.name.endswith('.npy'):
    494             file = file.parent / (file.name + '.npy')

FileNotFoundError: [Errno 2] No such file or directory: '/scratch/njw275/detections/02_sf_stft/unit01/unit01_S_6595_E_7205_detections.npy'
___________________________________________________________________________
"""

The above exception was the direct cause of the following exception:

Traceback (most recent call last):
  File "/home/njw275/miniconda3/envs/birds/lib/python3.6/site-packages/joblib/parallel.py", line 699, in retrieve
    self._output.extend(job.get(timeout=self.timeout))
  File "/home/njw275/miniconda3/envs/birds/lib/python3.6/multiprocessing/pool.py", line 608, in get
    raise self._value
joblib.my_exceptions.TransportableException: TransportableException
___________________________________________________________________________
FileNotFoundError                                  Thu Jul  6 13:55:57 2017
PID: 74783      Python 3.6.1: /home/njw275/miniconda3/envs/birds/bin/python
...........................................................................
/home/njw275/miniconda3/envs/birds/lib/python3.6/site-packages/joblib/parallel.py in __call__(self=<joblib.parallel.BatchedCalls object>)
    126     def __init__(self, iterator_slice):
    127         self.items = list(iterator_slice)
    128         self._size = len(self.items)
    129 
    130     def __call__(self):
--> 131         return [func(*args, **kwargs) for func, args, kwargs in self.items]
        self.items = [(<function createOnsetsAndPeaks>, (1,), {})]
    132 
    133     def __len__(self):
    134         return self._size
    135 

...........................................................................
/home/njw275/miniconda3/envs/birds/lib/python3.6/site-packages/joblib/parallel.py in <listcomp>(.0=<list_iterator object>)
    126     def __init__(self, iterator_slice):
    127         self.items = list(iterator_slice)
    128         self._size = len(self.items)
    129 
    130     def __call__(self):
--> 131         return [func(*args, **kwargs) for func, args, kwargs in self.items]
        func = <function createOnsetsAndPeaks>
        args = (1,)
        kwargs = {}
    132 
    133     def __len__(self):
    134         return self._size
    135 

...........................................................................
/home/njw275/NJW-BirdVox/src/python_files/onsetsAndPeaks.py in createOnsetsAndPeaks(unit=1)
     19     start_times = st.get_start_time(unit)
     20     #start_times = [0]
     21     for start_time in start_times:
     22         # Create onset detection function (writes to a file)
     23         print(start_time)
---> 24         det.onset(unit, start_time, fmin_input, h_length,feature)
        unit = 1
        start_time = '6595'
     25         # Peak picks (read from file above, write to a new file)
     26         det.peak_picking(unit, start_time, h_duration)
     27 
     28 Parallel(n_jobs=-1)(delayed(createOnsetsAndPeaks)(unit) for unit in units)

...........................................................................
/home/njw275/NJW-BirdVox/src/python_files/DetectionEvalSourceCode.py in onset(unit=1, start_time=6595, fmin_input=1500, h_length=256, feature_input=<function stft>)
     43         S = librosa.logamplitude(S, ref=1.0)
     44 
     45     onset_env = librosa.onset.onset_strength(S=S)
     46     saveFile = p.get_detections(unit) + str(unit).zfill(2) + "_S_" + str(start_time) + "_E_" + str(end_time) + "_detections"
     47     checkFile = p.get_data() + str(unit).zfill(2) + "_S_" + str(start_time) + "_E_" + str(end_time) + "_detections.npy"
---> 48     np.save(saveFile, onset_env)
        saveFile = '/scratch/njw275/detections/02_sf_stft/unit01/unit01_S_6595_E_7205_detections'
        onset_env = array([ 0.00000000+0.j        ,  0.00000000+0.j ...7362j,  0.05393019-0.00798429j], dtype=complex64)
     49     
     50 
     51 def peak_picking(unit, start_time, hop_duration): #medfilt_size=None):
     52     start_time = int(start_time)

...........................................................................
/home/njw275/miniconda3/envs/birds/lib/python3.6/site-packages/numpy/lib/npyio.py in save(file='/scratch/njw275/detections/02_sf_stft/unit01/unit01_S_6595_E_7205_detections.npy', arr=array([ 0.00000000+0.j        ,  0.00000000+0.j ...7362j,  0.05393019-0.00798429j], dtype=complex64), allow_pickle=True, fix_imports=True)
    485     """
    486     own_fid = False
    487     if isinstance(file, basestring):
    488         if not file.endswith('.npy'):
    489             file = file + '.npy'
--> 490         fid = open(file, "wb")
        fid = undefined
        file = '/scratch/njw275/detections/02_sf_stft/unit01/unit01_S_6595_E_7205_detections.npy'
    491         own_fid = True
    492     elif is_pathlib_path(file):
    493         if not file.name.endswith('.npy'):
    494             file = file.parent / (file.name + '.npy')

FileNotFoundError: [Errno 2] No such file or directory: '/scratch/njw275/detections/02_sf_stft/unit01/unit01_S_6595_E_7205_detections.npy'
___________________________________________________________________________

During handling of the above exception, another exception occurred:

Traceback (most recent call last):
  File "onsetsAndPeaks.py", line 28, in <module>
    Parallel(n_jobs=-1)(delayed(createOnsetsAndPeaks)(unit) for unit in units)
  File "/home/njw275/miniconda3/envs/birds/lib/python3.6/site-packages/joblib/parallel.py", line 789, in __call__
    self.retrieve()
  File "/home/njw275/miniconda3/envs/birds/lib/python3.6/site-packages/joblib/parallel.py", line 740, in retrieve
    raise exception
joblib.my_exceptions.JoblibFileNotFoundError: JoblibFileNotFoundError
___________________________________________________________________________
Multiprocessing exception:
...........................................................................
/home/njw275/NJW-BirdVox/src/python_files/onsetsAndPeaks.py in <module>()
     23         print(start_time)
     24         det.onset(unit, start_time, fmin_input, h_length,feature)
     25         # Peak picks (read from file above, write to a new file)
     26         det.peak_picking(unit, start_time, h_duration)
     27 
---> 28 Parallel(n_jobs=-1)(delayed(createOnsetsAndPeaks)(unit) for unit in units)
     29 

...........................................................................
/home/njw275/miniconda3/envs/birds/lib/python3.6/site-packages/joblib/parallel.py in __call__(self=Parallel(n_jobs=-1), iterable=<generator object <genexpr>>)
    784             if pre_dispatch == "all" or n_jobs == 1:
    785                 # The iterable was consumed all at once by the above for loop.
    786                 # No need to wait for async callbacks to trigger to
    787                 # consumption.
    788                 self._iterating = False
--> 789             self.retrieve()
        self.retrieve = <bound method Parallel.retrieve of Parallel(n_jobs=-1)>
    790             # Make sure that we get a last message telling us we are done
    791             elapsed_time = time.time() - self._start_time
    792             self._print('Done %3i out of %3i | elapsed: %s finished',
    793                         (len(self._output), len(self._output),

---------------------------------------------------------------------------
Sub-process traceback:
---------------------------------------------------------------------------
FileNotFoundError                                  Thu Jul  6 13:55:57 2017
PID: 74783      Python 3.6.1: /home/njw275/miniconda3/envs/birds/bin/python
...........................................................................
/home/njw275/miniconda3/envs/birds/lib/python3.6/site-packages/joblib/parallel.py in __call__(self=<joblib.parallel.BatchedCalls object>)
    126     def __init__(self, iterator_slice):
    127         self.items = list(iterator_slice)
    128         self._size = len(self.items)
    129 
    130     def __call__(self):
--> 131         return [func(*args, **kwargs) for func, args, kwargs in self.items]
        self.items = [(<function createOnsetsAndPeaks>, (1,), {})]
    132 
    133     def __len__(self):
    134         return self._size
    135 

...........................................................................
/home/njw275/miniconda3/envs/birds/lib/python3.6/site-packages/joblib/parallel.py in <listcomp>(.0=<list_iterator object>)
    126     def __init__(self, iterator_slice):
    127         self.items = list(iterator_slice)
    128         self._size = len(self.items)
    129 
    130     def __call__(self):
--> 131         return [func(*args, **kwargs) for func, args, kwargs in self.items]
        func = <function createOnsetsAndPeaks>
        args = (1,)
        kwargs = {}
    132 
    133     def __len__(self):
    134         return self._size
    135 

...........................................................................
/home/njw275/NJW-BirdVox/src/python_files/onsetsAndPeaks.py in createOnsetsAndPeaks(unit=1)
     19     start_times = st.get_start_time(unit)
     20     #start_times = [0]
     21     for start_time in start_times:
     22         # Create onset detection function (writes to a file)
     23         print(start_time)
---> 24         det.onset(unit, start_time, fmin_input, h_length,feature)
        unit = 1
        start_time = '6595'
     25         # Peak picks (read from file above, write to a new file)
     26         det.peak_picking(unit, start_time, h_duration)
     27 
     28 Parallel(n_jobs=-1)(delayed(createOnsetsAndPeaks)(unit) for unit in units)

...........................................................................
/home/njw275/NJW-BirdVox/src/python_files/DetectionEvalSourceCode.py in onset(unit=1, start_time=6595, fmin_input=1500, h_length=256, feature_input=<function stft>)
     43         S = librosa.logamplitude(S, ref=1.0)
     44 
     45     onset_env = librosa.onset.onset_strength(S=S)
     46     saveFile = p.get_detections(unit) + str(unit).zfill(2) + "_S_" + str(start_time) + "_E_" + str(end_time) + "_detections"
     47     checkFile = p.get_data() + str(unit).zfill(2) + "_S_" + str(start_time) + "_E_" + str(end_time) + "_detections.npy"
---> 48     np.save(saveFile, onset_env)
        saveFile = '/scratch/njw275/detections/02_sf_stft/unit01/unit01_S_6595_E_7205_detections'
        onset_env = array([ 0.00000000+0.j        ,  0.00000000+0.j ...7362j,  0.05393019-0.00798429j], dtype=complex64)
     49     
     50 
     51 def peak_picking(unit, start_time, hop_duration): #medfilt_size=None):
     52     start_time = int(start_time)

...........................................................................
/home/njw275/miniconda3/envs/birds/lib/python3.6/site-packages/numpy/lib/npyio.py in save(file='/scratch/njw275/detections/02_sf_stft/unit01/unit01_S_6595_E_7205_detections.npy', arr=array([ 0.00000000+0.j        ,  0.00000000+0.j ...7362j,  0.05393019-0.00798429j], dtype=complex64), allow_pickle=True, fix_imports=True)
    485     """
    486     own_fid = False
    487     if isinstance(file, basestring):
    488         if not file.endswith('.npy'):
    489             file = file + '.npy'
--> 490         fid = open(file, "wb")
        fid = undefined
        file = '/scratch/njw275/detections/02_sf_stft/unit01/unit01_S_6595_E_7205_detections.npy'
    491         own_fid = True
    492     elif is_pathlib_path(file):
    493         if not file.name.endswith('.npy'):
    494             file = file.parent / (file.name + '.npy')

FileNotFoundError: [Errno 2] No such file or directory: '/scratch/njw275/detections/02_sf_stft/unit01/unit01_S_6595_E_7205_detections.npy'
___________________________________________________________________________
